Build started 5/14/2013 2:22:22 AM.
     1>Project "C:\Users\U7karsh\documents\visual studio 2012\Projects\tweet\tweet\tweet.vcxproj" on node 2 (Build target(s)).
     1>ClCompile:
         D:\Visual Studio\VC\bin\CL.exe /c /ZI /nologo /W3 /WX- /Od /Oy- /D WIN32 /D _DEBUG /D _CONSOLE /D _UNICODE /D UNICODE /Gm /EHsc /RTC1 /MDd /GS /fp:precise /Zc:wchar_t /Zc:forScope /Fo"Debug\\" /Fd"Debug\vc110.pdb" /Gd /TP /analyze- /errorReport:prompt Source.cpp
         Source.cpp
     1>c:\users\u7karsh\documents\visual studio 2012\projects\tweet\tweet\source.cpp(15): warning C4996: 'fopen': This function or variable may be unsafe. Consider using fopen_s instead. To disable deprecation, use _CRT_SECURE_NO_WARNINGS. See online help for details.
                 d:\visual studio\vc\include\stdio.h(218) : see declaration of 'fopen'
     1>c:\users\u7karsh\documents\visual studio 2012\projects\tweet\tweet\source.cpp(16): warning C4996: 'fscanf': This function or variable may be unsafe. Consider using fscanf_s instead. To disable deprecation, use _CRT_SECURE_NO_WARNINGS. See online help for details.
                 d:\visual studio\vc\include\stdio.h(237) : see declaration of 'fscanf'
     1>c:\users\u7karsh\documents\visual studio 2012\projects\tweet\tweet\source.cpp(19): warning C4996: 'fopen': This function or variable may be unsafe. Consider using fopen_s instead. To disable deprecation, use _CRT_SECURE_NO_WARNINGS. See online help for details.
                 d:\visual studio\vc\include\stdio.h(218) : see declaration of 'fopen'
     1>c:\users\u7karsh\documents\visual studio 2012\projects\tweet\tweet\source.cpp(27): warning C4996: 'fcloseall': The POSIX name for this item is deprecated. Instead, use the ISO C++ conformant name: _fcloseall. See online help for details.
                 d:\visual studio\vc\include\stdio.h(708) : see declaration of 'fcloseall'
     1>c:\users\u7karsh\documents\visual studio 2012\projects\tweet\tweet\source.cpp(32): warning C4996: 'fopen': This function or variable may be unsafe. Consider using fopen_s instead. To disable deprecation, use _CRT_SECURE_NO_WARNINGS. See online help for details.
                 d:\visual studio\vc\include\stdio.h(218) : see declaration of 'fopen'
     1>c:\users\u7karsh\documents\visual studio 2012\projects\tweet\tweet\source.cpp(39): warning C4996: 'fcloseall': The POSIX name for this item is deprecated. Instead, use the ISO C++ conformant name: _fcloseall. See online help for details.
                 d:\visual studio\vc\include\stdio.h(708) : see declaration of 'fcloseall'
       Link:
         D:\Visual Studio\VC\bin\link.exe /ERRORREPORT:PROMPT /OUT:"C:\Users\U7karsh\documents\visual studio 2012\Projects\tweet\Debug\tweet.exe" /INCREMENTAL /NOLOGO kernel32.lib user32.lib gdi32.lib winspool.lib comdlg32.lib advapi32.lib shell32.lib ole32.lib oleaut32.lib uuid.lib odbc32.lib odbccp32.lib /MANIFEST /MANIFESTUAC:"level='asInvoker' uiAccess='false'" /manifest:embed /DEBUG /PDB:"C:\Users\U7karsh\documents\visual studio 2012\Projects\tweet\Debug\tweet.pdb" /SUBSYSTEM:CONSOLE /TLBID:1 /DYNAMICBASE /NXCOMPAT /IMPLIB:"C:\Users\U7karsh\documents\visual studio 2012\Projects\tweet\Debug\tweet.lib" /MACHINE:X86 Debug\Source.obj
         tweet.vcxproj -> C:\Users\U7karsh\documents\visual studio 2012\Projects\tweet\Debug\tweet.exe
     1>Done Building Project "C:\Users\U7karsh\documents\visual studio 2012\Projects\tweet\tweet\tweet.vcxproj" (Build target(s)).

Build succeeded.

Time Elapsed 00:00:01.30
